TN:
SF:/home/minega/Minega/MINEGA/Main/Projects/AutoMart/src/index.js
FN:18,(anonymous_0)
FNF:1
FNH:1
FNDA:1,(anonymous_0)
DA:10,1
DA:12,1
DA:13,1
DA:14,1
DA:15,1
DA:17,1
DA:18,1
LF:7
LH:7
BRDA:17,0,0,1
BRDA:17,0,1,1
BRF:2
BRH:2
end_of_record
TN:
SF:/home/minega/Minega/MINEGA/Main/Projects/AutoMart/src/controllers/userController.js
FN:13,(anonymous_0)
FN:25,(anonymous_1)
FN:50,(anonymous_2)
FN:62,(anonymous_3)
FNF:4
FNH:4
FNDA:4,(anonymous_0)
FNDA:2,(anonymous_1)
FNDA:2,(anonymous_2)
FNDA:1,(anonymous_3)
DA:10,1
DA:13,1
DA:14,4
DA:15,4
DA:16,4
DA:17,1
DA:21,1
DA:24,3
DA:25,2
DA:27,3
DA:28,2
DA:32,2
DA:34,1
DA:36,1
DA:37,1
DA:47,1
DA:50,1
DA:51,2
DA:52,2
DA:53,2
DA:54,1
DA:58,1
DA:61,1
DA:62,1
DA:63,1
DA:64,1
DA:68,1
DA:71,0
DA:72,0
DA:73,0
DA:77,0
DA:79,0
DA:80,0
DA:90,0
LF:34
LH:27
BRDA:16,0,0,1
BRDA:16,0,1,3
BRDA:27,1,0,2
BRDA:27,1,1,1
BRDA:53,2,0,1
BRDA:53,2,1,1
BRDA:63,3,0,1
BRDA:63,3,1,0
BRDA:72,4,0,0
BRDA:72,4,1,0
BRF:10
BRH:7
end_of_record
TN:
SF:/home/minega/Minega/MINEGA/Main/Projects/AutoMart/src/helpers/validationShemas/userLoginSchema.js
FNF:0
FNH:0
DA:3,1
LF:1
LH:1
BRF:0
BRH:0
end_of_record
TN:
SF:/home/minega/Minega/MINEGA/Main/Projects/AutoMart/src/helpers/validationShemas/userSignUpSchema.js
FNF:0
FNH:0
DA:3,1
LF:1
LH:1
BRF:0
BRH:0
end_of_record
TN:
SF:/home/minega/Minega/MINEGA/Main/Projects/AutoMart/src/models/Car.js
FN:5,(anonymous_0)
FN:10,(anonymous_1)
FN:28,(anonymous_2)
FN:29,(anonymous_3)
FN:33,(anonymous_4)
FN:38,(anonymous_5)
FN:50,(anonymous_6)
FNF:7
FNH:7
FNDA:5,(anonymous_0)
FNDA:11,(anonymous_1)
FNDA:3,(anonymous_2)
FNDA:3,(anonymous_3)
FNDA:2,(anonymous_4)
FNDA:1,(anonymous_5)
FNDA:1,(anonymous_6)
DA:6,5
DA:11,11
DA:23,11
DA:24,11
DA:29,3
DA:34,2
DA:39,1
DA:40,1
DA:41,1
DA:42,1
DA:43,1
DA:44,1
DA:46,1
DA:51,1
DA:52,1
DA:53,1
DA:54,1
LF:17
LH:17
BRDA:13,0,0,11
BRDA:13,0,1,0
BRDA:14,1,0,11
BRDA:14,1,1,0
BRDA:15,2,0,11
BRDA:15,2,1,0
BRDA:16,3,0,11
BRDA:16,3,1,0
BRDA:17,4,0,11
BRDA:17,4,1,0
BRDA:18,5,0,11
BRDA:18,5,1,0
BRDA:19,6,0,11
BRDA:19,6,1,0
BRDA:41,7,0,1
BRDA:41,7,1,0
BRDA:42,8,0,1
BRDA:42,8,1,0
BRDA:43,9,0,1
BRDA:43,9,1,0
BRF:20
BRH:10
end_of_record
TN:
SF:/home/minega/Minega/MINEGA/Main/Projects/AutoMart/src/models/Order.js
FN:5,(anonymous_0)
FN:10,(anonymous_1)
FN:25,(anonymous_2)
FN:26,(anonymous_3)
FN:30,(anonymous_4)
FN:35,(anonymous_5)
FN:46,(anonymous_6)
FNF:7
FNH:7
FNDA:5,(anonymous_0)
FNDA:11,(anonymous_1)
FNDA:3,(anonymous_2)
FNDA:3,(anonymous_3)
FNDA:2,(anonymous_4)
FNDA:1,(anonymous_5)
FNDA:1,(anonymous_6)
DA:6,5
DA:11,11
DA:20,11
DA:21,11
DA:26,3
DA:31,2
DA:36,1
DA:37,1
DA:38,1
DA:39,1
DA:40,1
DA:42,1
DA:47,1
DA:48,1
DA:49,1
DA:51,1
LF:16
LH:16
BRDA:13,0,0,11
BRDA:13,0,1,0
BRDA:14,1,0,11
BRDA:14,1,1,0
BRDA:15,2,0,11
BRDA:15,2,1,0
BRDA:16,3,0,11
BRDA:16,3,1,0
BRDA:38,4,0,1
BRDA:38,4,1,0
BRDA:39,5,0,1
BRDA:39,5,1,0
BRF:12
BRH:6
end_of_record
TN:
SF:/home/minega/Minega/MINEGA/Main/Projects/AutoMart/src/models/User.js
FN:6,(anonymous_0)
FN:11,(anonymous_1)
FN:30,(anonymous_2)
FN:31,(anonymous_3)
FN:35,(anonymous_4)
FN:39,(anonymous_5)
FN:43,(anonymous_6)
FN:48,(anonymous_7)
FN:60,(anonymous_8)
FNF:9
FNH:9
FNDA:7,(anonymous_0)
FNDA:14,(anonymous_1)
FNDA:3,(anonymous_2)
FNDA:3,(anonymous_3)
FNDA:1,(anonymous_4)
FNDA:2,(anonymous_5)
FNDA:6,(anonymous_6)
FNDA:1,(anonymous_7)
FNDA:1,(anonymous_8)
DA:7,7
DA:12,14
DA:13,14
DA:14,14
DA:25,14
DA:26,14
DA:31,3
DA:36,1
DA:37,1
DA:39,2
DA:44,6
DA:49,1
DA:50,1
DA:51,1
DA:52,1
DA:53,1
DA:54,1
DA:56,1
DA:61,1
DA:62,1
DA:63,1
DA:65,1
LF:22
LH:22
BRDA:16,0,0,14
BRDA:16,0,1,0
BRDA:17,1,0,14
BRDA:17,1,1,0
BRDA:18,2,0,14
BRDA:18,2,1,0
BRDA:19,3,0,14
BRDA:19,3,1,0
BRDA:20,4,0,14
BRDA:20,4,1,0
BRDA:21,5,0,14
BRDA:21,5,1,8
BRDA:53,6,0,1
BRDA:53,6,1,0
BRF:14
BRH:8
end_of_record
TN:
SF:/home/minega/Minega/MINEGA/Main/Projects/AutoMart/src/routes/users.js
FNF:0
FNH:0
DA:5,1
DA:8,1
DA:11,1
LF:3
LH:3
BRF:0
BRH:0
end_of_record
TN:
SF:/home/minega/Minega/MINEGA/Main/Projects/AutoMart/src/spec/integration/auth.spec.js
FN:4,(anonymous_0)
FN:5,(anonymous_1)
FN:8,(anonymous_2)
FN:10,(anonymous_3)
FN:15,(anonymous_4)
FN:24,(anonymous_5)
FN:28,(anonymous_6)
FN:34,(anonymous_7)
FN:39,(anonymous_8)
FN:46,(anonymous_9)
FN:48,(anonymous_10)
FN:53,(anonymous_11)
FN:59,(anonymous_12)
FN:63,(anonymous_13)
FN:69,(anonymous_14)
FNF:15
FNH:15
FNDA:1,(anonymous_0)
FNDA:5,(anonymous_1)
FNDA:1,(anonymous_2)
FNDA:4,(anonymous_3)
FNDA:3,(anonymous_4)
FNDA:3,(anonymous_5)
FNDA:1,(anonymous_6)
FNDA:1,(anonymous_7)
FNDA:1,(anonymous_8)
FNDA:1,(anonymous_9)
FNDA:2,(anonymous_10)
FNDA:2,(anonymous_11)
FNDA:2,(anonymous_12)
FNDA:1,(anonymous_13)
FNDA:1,(anonymous_14)
DA:4,1
DA:5,1
DA:6,5
DA:8,1
DA:10,1
DA:11,4
DA:12,4
DA:15,1
DA:16,3
DA:24,1
DA:28,1
DA:29,1
DA:30,1
DA:31,1
DA:34,1
DA:35,1
DA:36,1
DA:39,1
DA:40,1
DA:41,1
DA:42,1
DA:46,1
DA:48,1
DA:49,2
DA:50,2
DA:53,1
DA:54,2
DA:59,1
DA:60,2
DA:63,1
DA:64,1
DA:65,1
DA:66,1
DA:69,1
DA:70,1
DA:71,1
DA:72,1
LF:37
LH:37
BRF:0
BRH:0
end_of_record
TN:
SF:/home/minega/Minega/MINEGA/Main/Projects/AutoMart/src/spec/unit/car.spec.js
FN:4,(anonymous_0)
FN:8,(anonymous_1)
FN:31,(anonymous_2)
FN:34,(anonymous_3)
FN:39,(anonymous_4)
FN:44,(anonymous_5)
FN:49,(anonymous_6)
FN:70,(anonymous_7)
FNF:8
FNH:8
FNDA:1,(anonymous_0)
FNDA:5,(anonymous_1)
FNDA:5,(anonymous_2)
FNDA:1,(anonymous_3)
FNDA:1,(anonymous_4)
FNDA:1,(anonymous_5)
FNDA:1,(anonymous_6)
FNDA:1,(anonymous_7)
DA:4,1
DA:8,1
DA:9,5
DA:10,5
DA:19,5
DA:28,5
DA:29,5
DA:31,1
DA:32,5
DA:34,1
DA:35,1
DA:36,1
DA:39,1
DA:40,1
DA:41,1
DA:44,1
DA:45,1
DA:46,1
DA:49,1
DA:50,1
DA:59,1
DA:60,1
DA:61,1
DA:70,1
DA:71,1
DA:80,1
DA:81,1
LF:27
LH:27
BRF:0
BRH:0
end_of_record
TN:
SF:/home/minega/Minega/MINEGA/Main/Projects/AutoMart/src/spec/unit/order.spec.js
FN:4,(anonymous_0)
FN:8,(anonymous_1)
FN:25,(anonymous_2)
FN:28,(anonymous_3)
FN:33,(anonymous_4)
FN:39,(anonymous_5)
FN:44,(anonymous_6)
FN:62,(anonymous_7)
FNF:8
FNH:8
FNDA:1,(anonymous_0)
FNDA:5,(anonymous_1)
FNDA:5,(anonymous_2)
FNDA:1,(anonymous_3)
FNDA:1,(anonymous_4)
FNDA:1,(anonymous_5)
FNDA:1,(anonymous_6)
FNDA:1,(anonymous_7)
DA:4,1
DA:8,1
DA:9,5
DA:10,5
DA:16,5
DA:22,5
DA:23,5
DA:25,1
DA:26,5
DA:28,1
DA:29,1
DA:30,1
DA:33,1
DA:34,1
DA:36,1
DA:39,1
DA:40,1
DA:41,1
DA:44,1
DA:45,1
DA:51,1
DA:52,1
DA:53,1
DA:62,1
DA:63,1
DA:69,1
DA:70,1
LF:27
LH:27
BRF:0
BRH:0
end_of_record
TN:
SF:/home/minega/Minega/MINEGA/Main/Projects/AutoMart/src/spec/unit/user.spec.js
FN:4,(anonymous_0)
FN:8,(anonymous_1)
FN:28,(anonymous_2)
FN:31,(anonymous_3)
FN:36,(anonymous_4)
FN:41,(anonymous_5)
FN:47,(anonymous_6)
FN:52,(anonymous_7)
FN:71,(anonymous_8)
FNF:9
FNH:9
FNDA:1,(anonymous_0)
FNDA:6,(anonymous_1)
FNDA:6,(anonymous_2)
FNDA:1,(anonymous_3)
FNDA:1,(anonymous_4)
FNDA:1,(anonymous_5)
FNDA:1,(anonymous_6)
FNDA:1,(anonymous_7)
FNDA:1,(anonymous_8)
DA:4,1
DA:8,1
DA:9,6
DA:10,6
DA:18,6
DA:25,6
DA:26,6
DA:28,1
DA:29,6
DA:31,1
DA:32,1
DA:33,1
DA:36,1
DA:37,1
DA:38,1
DA:41,1
DA:42,1
DA:44,1
DA:47,1
DA:48,1
DA:49,1
DA:52,1
DA:53,1
DA:60,1
DA:61,1
DA:62,1
DA:71,1
DA:72,1
DA:79,1
DA:80,1
LF:30
LH:30
BRF:0
BRH:0
end_of_record
TN:
SF:/home/minega/Minega/MINEGA/Main/Projects/AutoMart/src/startup/config.js
FN:4,(anonymous_0)
FNF:1
FNH:1
FNDA:1,(anonymous_0)
DA:5,1
DA:6,0
LF:2
LH:1
BRDA:5,0,0,0
BRDA:5,0,1,1
BRF:2
BRH:1
end_of_record
TN:
SF:/home/minega/Minega/MINEGA/Main/Projects/AutoMart/src/startup/cors.js
FN:4,(anonymous_0)
FNF:1
FNH:1
FNDA:1,(anonymous_0)
DA:5,1
LF:1
LH:1
BRF:0
BRH:0
end_of_record
TN:
SF:/home/minega/Minega/MINEGA/Main/Projects/AutoMart/src/startup/logging.js
FN:4,(anonymous_0)
FNF:1
FNH:1
FNDA:1,(anonymous_0)
DA:5,1
DA:18,1
DA:19,1
LF:3
LH:3
BRDA:18,0,0,1
BRDA:18,0,1,0
BRF:2
BRH:1
end_of_record
TN:
SF:/home/minega/Minega/MINEGA/Main/Projects/AutoMart/src/startup/routes.js
FN:5,(anonymous_0)
FNF:1
FNH:1
FNDA:1,(anonymous_0)
DA:6,1
DA:7,1
LF:2
LH:2
BRF:0
BRH:0
end_of_record
